2026-03-02T14:45:58.258Z  INFO 25748 --- [employee-management] [main] c.n.e.EmployeeManagementApplication      : Starting EmployeeManagementApplication using Java 17.0.17 with PID 25748 (C:\GitPractice\API-Practice\employee-management\employee-management\target\classes started by sonak in C:\GitPractice\API-Practice\employee-management\employee-management)
2026-03-02T14:45:58.262Z DEBUG 25748 --- [employee-management] [main] c.n.e.EmployeeManagementApplication      : Running with Spring Boot v3.2.5, Spring v6.1.6
2026-03-02T14:45:58.264Z  INFO 25748 --- [employee-management] [main] c.n.e.EmployeeManagementApplication      : No active profile set, falling back to 1 default profile: "default"
2026-03-02T14:45:58.909Z  INFO 25748 --- [employee-management] [main] .s.d.r.c.RepositoryConfigurationDelegate : Bootstrapping Spring Data JPA repositories in DEFAULT mode.
2026-03-02T14:45:58.954Z  INFO 25748 --- [employee-management] [main] .s.d.r.c.RepositoryConfigurationDelegate : Finished Spring Data repository scanning in 38 ms. Found 1 JPA repository interface.
2026-03-02T14:45:59.398Z  INFO 25748 --- [employee-management] [main] o.s.b.w.embedded.tomcat.TomcatWebServer  : Tomcat initialized with port 8080 (http)
2026-03-02T14:45:59.406Z  INFO 25748 --- [employee-management] [main] o.apache.catalina.core.StandardService   : Starting service [Tomcat]
2026-03-02T14:45:59.406Z  INFO 25748 --- [employee-management] [main] o.apache.catalina.core.StandardEngine    : Starting Servlet engine: [Apache Tomcat/10.1.20]
2026-03-02T14:45:59.464Z  INFO 25748 --- [employee-management] [main] o.a.c.c.C.[Tomcat].[localhost].[/]       : Initializing Spring embedded WebApplicationContext
2026-03-02T14:45:59.464Z  INFO 25748 --- [employee-management] [main] w.s.c.ServletWebServerApplicationContext : Root WebApplicationContext: initialization completed in 1139 ms
2026-03-02T14:45:59.570Z  INFO 25748 --- [employee-management] [main] o.hibernate.jpa.internal.util.LogHelper  : HHH000204: Processing PersistenceUnitInfo [name: default]
2026-03-02T14:45:59.616Z  INFO 25748 --- [employee-management] [main] org.hibernate.Version                    : HHH000412: Hibernate ORM core version 6.4.4.Final
2026-03-02T14:45:59.643Z  INFO 25748 --- [employee-management] [main] o.h.c.internal.RegionFactoryInitiator    : HHH000026: Second-level cache disabled
2026-03-02T14:45:59.824Z  INFO 25748 --- [employee-management] [main] o.s.o.j.p.SpringPersistenceUnitInfo      : No LoadTimeWeaver setup: ignoring JPA class transformer
2026-03-02T14:45:59.852Z  INFO 25748 --- [employee-management] [main] com.zaxxer.hikari.HikariDataSource       : HikariPool-1 - Starting...
2026-03-02T14:45:59.998Z  INFO 25748 --- [employee-management] [main] com.zaxxer.hikari.pool.HikariPool        : HikariPool-1 - Added connection org.postgresql.jdbc.PgConnection@388f1258
2026-03-02T14:46:00.000Z  INFO 25748 --- [employee-management] [main] com.zaxxer.hikari.HikariDataSource       : HikariPool-1 - Start completed.
2026-03-02T14:46:00.026Z  WARN 25748 --- [employee-management] [main] org.hibernate.orm.deprecation            : HHH90000025: PostgreSQLDialect does not need to be specified explicitly using 'hibernate.dialect' (remove the property setting and it will be selected by default)
2026-03-02T14:46:00.730Z  INFO 25748 --- [employee-management] [main] o.h.e.t.j.p.i.JtaPlatformInitiator       : HHH000489: No JTA platform available (set 'hibernate.transaction.jta.platform' to enable JTA platform integration)
2026-03-02T14:46:00.732Z  INFO 25748 --- [employee-management] [main] j.LocalContainerEntityManagerFactoryBean : Initialized JPA EntityManagerFactory for persistence unit 'default'
2026-03-02T14:46:01.007Z  WARN 25748 --- [employee-management] [main] JpaBaseConfiguration$JpaWebConfiguration : spring.jpa.open-in-view is enabled by default. Therefore, database queries may be performed during view rendering. Explicitly configure spring.jpa.open-in-view to disable this warning
2026-03-02T14:46:01.274Z  INFO 25748 --- [employee-management] [main] o.s.b.w.embedded.tomcat.TomcatWebServer  : Tomcat started on port 8080 (http) with context path ''
2026-03-02T14:46:01.283Z  INFO 25748 --- [employee-management] [main] c.n.e.EmployeeManagementApplication      : Started EmployeeManagementApplication in 3.457 seconds (process running for 3.836)
2026-03-02T14:46:04.863Z  INFO 25748 --- [employee-management] [http-nio-8080-exec-1] o.a.c.c.C.[Tomcat].[localhost].[/]       : Initializing Spring DispatcherServlet 'dispatcherServlet'
2026-03-02T14:46:04.863Z  INFO 25748 --- [employee-management] [http-nio-8080-exec-1] o.s.web.servlet.DispatcherServlet        : Initializing Servlet 'dispatcherServlet'
2026-03-02T14:46:04.866Z  INFO 25748 --- [employee-management] [http-nio-8080-exec-1] o.s.web.servlet.DispatcherServlet        : Completed initialization in 3 ms
2026-03-02T14:46:04.893Z  INFO 25748 --- [employee-management] [http-nio-8080-exec-1] c.n.e.controller.EmployeeController      : START:EmployeeController-->getAllEmployees
2026-03-02T14:46:04.894Z  INFO 25748 --- [employee-management] [http-nio-8080-exec-1] c.n.e.service.EmployeeServiceImpl        : START:EmployeeServiceImpl-->getAllEmployees
2026-03-02T14:46:05.032Z  INFO 25748 --- [employee-management] [http-nio-8080-exec-1] c.n.e.service.EmployeeServiceImpl        : END:EmployeeServiceImpl-->getAllEmployees
2026-03-02T14:46:05.033Z DEBUG 25748 --- [employee-management] [http-nio-8080-exec-1] c.n.e.controller.EmployeeController      : END:EmployeeController-->getAllEmployees : Size: 5
2026-03-02T14:46:05.033Z  INFO 25748 --- [employee-management] [http-nio-8080-exec-1] c.n.e.controller.EmployeeController      : END:EmployeeController-->getAllEmployees
2026-03-02T14:46:47.741Z  INFO 25748 --- [employee-management] [SpringApplicationShutdownHook] j.LocalContainerEntityManagerFactoryBean : Closing JPA EntityManagerFactory for persistence unit 'default'
2026-03-02T14:46:47.743Z  INFO 25748 --- [employee-management] [SpringApplicationShutdownHook] com.zaxxer.hikari.HikariDataSource       : HikariPool-1 - Shutdown initiated...
2026-03-02T14:46:47.745Z  INFO 25748 --- [employee-management] [SpringApplicationShutdownHook] com.zaxxer.hikari.HikariDataSource       : HikariPool-1 - Shutdown completed.
2026-03-02T14:46:49.421Z  INFO 1692 --- [employee-management] [main] c.n.e.EmployeeManagementApplication      : Starting EmployeeManagementApplication using Java 17.0.17 with PID 1692 (C:\GitPractice\API-Practice\employee-management\employee-management\target\classes started by sonak in C:\GitPractice\API-Practice\employee-management\employee-management)
2026-03-02T14:46:49.422Z DEBUG 1692 --- [employee-management] [main] c.n.e.EmployeeManagementApplication      : Running with Spring Boot v3.2.5, Spring v6.1.6
2026-03-02T14:46:49.423Z  INFO 1692 --- [employee-management] [main] c.n.e.EmployeeManagementApplication      : No active profile set, falling back to 1 default profile: "default"
2026-03-02T14:46:50.081Z  INFO 1692 --- [employee-management] [main] .s.d.r.c.RepositoryConfigurationDelegate : Bootstrapping Spring Data JPA repositories in DEFAULT mode.
2026-03-02T14:46:50.128Z  INFO 1692 --- [employee-management] [main] .s.d.r.c.RepositoryConfigurationDelegate : Finished Spring Data repository scanning in 40 ms. Found 1 JPA repository interface.
2026-03-02T14:46:50.580Z  INFO 1692 --- [employee-management] [main] o.s.b.w.embedded.tomcat.TomcatWebServer  : Tomcat initialized with port 8080 (http)
2026-03-02T14:46:50.591Z  INFO 1692 --- [employee-management] [main] o.apache.catalina.core.StandardService   : Starting service [Tomcat]
2026-03-02T14:46:50.591Z  INFO 1692 --- [employee-management] [main] o.apache.catalina.core.StandardEngine    : Starting Servlet engine: [Apache Tomcat/10.1.20]
2026-03-02T14:46:50.644Z  INFO 1692 --- [employee-management] [main] o.a.c.c.C.[Tomcat].[localhost].[/]       : Initializing Spring embedded WebApplicationContext
2026-03-02T14:46:50.645Z  INFO 1692 --- [employee-management] [main] w.s.c.ServletWebServerApplicationContext : Root WebApplicationContext: initialization completed in 1180 ms
2026-03-02T14:46:50.748Z  INFO 1692 --- [employee-management] [main] o.hibernate.jpa.internal.util.LogHelper  : HHH000204: Processing PersistenceUnitInfo [name: default]
2026-03-02T14:46:50.793Z  INFO 1692 --- [employee-management] [main] org.hibernate.Version                    : HHH000412: Hibernate ORM core version 6.4.4.Final
2026-03-02T14:46:50.820Z  INFO 1692 --- [employee-management] [main] o.h.c.internal.RegionFactoryInitiator    : HHH000026: Second-level cache disabled
2026-03-02T14:46:51.000Z  INFO 1692 --- [employee-management] [main] o.s.o.j.p.SpringPersistenceUnitInfo      : No LoadTimeWeaver setup: ignoring JPA class transformer
2026-03-02T14:46:51.026Z  INFO 1692 --- [employee-management] [main] com.zaxxer.hikari.HikariDataSource       : HikariPool-1 - Starting...
2026-03-02T14:46:51.152Z  INFO 1692 --- [employee-management] [main] com.zaxxer.hikari.pool.HikariPool        : HikariPool-1 - Added connection org.postgresql.jdbc.PgConnection@62058742
2026-03-02T14:46:51.153Z  INFO 1692 --- [employee-management] [main] com.zaxxer.hikari.HikariDataSource       : HikariPool-1 - Start completed.
2026-03-02T14:46:51.177Z  WARN 1692 --- [employee-management] [main] org.hibernate.orm.deprecation            : HHH90000025: PostgreSQLDialect does not need to be specified explicitly using 'hibernate.dialect' (remove the property setting and it will be selected by default)
2026-03-02T14:46:51.877Z  INFO 1692 --- [employee-management] [main] o.h.e.t.j.p.i.JtaPlatformInitiator       : HHH000489: No JTA platform available (set 'hibernate.transaction.jta.platform' to enable JTA platform integration)
2026-03-02T14:46:51.880Z  INFO 1692 --- [employee-management] [main] j.LocalContainerEntityManagerFactoryBean : Initialized JPA EntityManagerFactory for persistence unit 'default'
2026-03-02T14:46:52.173Z  WARN 1692 --- [employee-management] [main] JpaBaseConfiguration$JpaWebConfiguration : spring.jpa.open-in-view is enabled by default. Therefore, database queries may be performed during view rendering. Explicitly configure spring.jpa.open-in-view to disable this warning
2026-03-02T14:46:52.453Z  INFO 1692 --- [employee-management] [main] o.s.b.w.embedded.tomcat.TomcatWebServer  : Tomcat started on port 8080 (http) with context path ''
2026-03-02T14:46:52.461Z  INFO 1692 --- [employee-management] [main] c.n.e.EmployeeManagementApplication      : Started EmployeeManagementApplication in 3.444 seconds (process running for 3.759)
2026-03-02T14:46:56.057Z  INFO 1692 --- [employee-management] [http-nio-8080-exec-1] o.a.c.c.C.[Tomcat].[localhost].[/]       : Initializing Spring DispatcherServlet 'dispatcherServlet'
2026-03-02T14:46:56.058Z  INFO 1692 --- [employee-management] [http-nio-8080-exec-1] o.s.web.servlet.DispatcherServlet        : Initializing Servlet 'dispatcherServlet'
2026-03-02T14:46:56.059Z  INFO 1692 --- [employee-management] [http-nio-8080-exec-1] o.s.web.servlet.DispatcherServlet        : Completed initialization in 1 ms
2026-03-02T14:46:56.088Z  INFO 1692 --- [employee-management] [http-nio-8080-exec-1] c.n.e.controller.EmployeeController      : START:EmployeeController-->getAllEmployees
2026-03-02T14:46:56.089Z  INFO 1692 --- [employee-management] [http-nio-8080-exec-1] c.n.e.service.EmployeeServiceImpl        : START:EmployeeServiceImpl-->getAllEmployees
2026-03-02T14:46:56.232Z  INFO 1692 --- [employee-management] [http-nio-8080-exec-1] c.n.e.service.EmployeeServiceImpl        : END:EmployeeServiceImpl-->getAllEmployees
2026-03-02T14:46:56.233Z DEBUG 1692 --- [employee-management] [http-nio-8080-exec-1] c.n.e.controller.EmployeeController      : END:EmployeeController-->getAllEmployees : Size: 5
2026-03-02T14:46:56.233Z  INFO 1692 --- [employee-management] [http-nio-8080-exec-1] c.n.e.controller.EmployeeController      : END:EmployeeController-->getAllEmployees
2026-03-02T14:47:47.674Z  INFO 1692 --- [employee-management] [SpringApplicationShutdownHook] j.LocalContainerEntityManagerFactoryBean : Closing JPA EntityManagerFactory for persistence unit 'default'
2026-03-02T14:47:47.676Z  INFO 1692 --- [employee-management] [SpringApplicationShutdownHook] com.zaxxer.hikari.HikariDataSource       : HikariPool-1 - Shutdown initiated...
2026-03-02T14:47:47.678Z  INFO 1692 --- [employee-management] [SpringApplicationShutdownHook] com.zaxxer.hikari.HikariDataSource       : HikariPool-1 - Shutdown completed.
